已經開始建置於 2015/9/11 上午 03:57:00。
     1>節點 2 (build 目標) 上的專案 "C:\Users\wei\documents\visual studio 2010\Projects\Task DialogExamples\Task DialogExamples\Task DialogExamples.vcxproj"。
     1>InitializeBuildStatus:
         正在變更時間戳記 "Debug\Task DialogExamples.unsuccessfulbuild"。
       ClCompile:
         所有輸出都是最新的。
         所有輸出都是最新的。
       ResourceCompile:
         所有輸出都是最新的。
       ManifestResourceCompile:
         所有輸出都是最新的。
       Link:
         C:\Program Files (x86)\Microsoft Visual Studio 10.0\VC\bin\link.exe /ERRORREPORT:PROMPT /OUT:"C:\Users\wei\documents\visual studio 2010\Projects\Task DialogExamples\Debug\Task DialogExamples.exe" /INCREMENTAL /NOLOGO /MANIFEST /ManifestFile:"Debug\Task DialogExamples.exe.intermediate.manifest" /MANIFESTUAC:"level='asInvoker' uiAccess='false'" /DEBUG /PDB:"C:\Users\wei\documents\visual studio 2010\Projects\Task DialogExamples\Debug\Task DialogExamples.pdb" /SUBSYSTEM:WINDOWS /TLBID:1 /ENTRY:"wWinMainCRTStartup" /DYNAMICBASE /NXCOMPAT /IMPLIB:"C:\Users\wei\documents\visual studio 2010\Projects\Task DialogExamples\Debug\Task DialogExamples.lib" /MACHINE:X86 "Debug\Task DialogExamples.res"
         "Debug\Task DialogExamples.exe.embed.manifest.res"
         Debug\stdafx.obj
         "Debug\Task DialogExamples.obj"
         "Debug\Task DialogExamplesDlg.obj"
       Manifest:
         C:\Program Files (x86)\Microsoft SDKs\Windows\v7.0A\bin\mt.exe /nologo /verbose /out:"Debug\Task DialogExamples.exe.embed.manifest" /manifest "Debug\Task DialogExamples.exe.intermediate.manifest" "C:\Program Files (x86)\Microsoft Visual Studio 10.0\VC\Include\Manifest\dpiaware.manifest"
         所有輸出都是最新的。
       LinkEmbedManifest:
         所有輸出都是最新的。
         Task DialogExamples.vcxproj -> C:\Users\wei\documents\visual studio 2010\Projects\Task DialogExamples\Debug\Task DialogExamples.exe
       FinalizeBuildStatus:
         正在刪除檔案 "Debug\Task DialogExamples.unsuccessfulbuild"。
         正在變更時間戳記 "Debug\Task DialogExamples.lastbuildstate"。
     1>專案 "C:\Users\wei\documents\visual studio 2010\Projects\Task DialogExamples\Task DialogExamples\Task DialogExamples.vcxproj" (build 目標) 建置完成。

建置成功。

經過時間 00:00:00.28
